# Octopus parser started
ExperimentalFeatures = 0		# default
Debug = 0		# default
DebugTrapSignals = 1		# default
Walltime = 0		# default
RestartWriteTime = 5		# default
RestartWallTimePeriod = 120		# default
ReportMemory = 0		# default
CalculationMode = 2
stdout = "-"		# default
stderr = "-"		# default
WorkDir = "."		# default
ProfilingMode = 0		# default
UnitsOutput = 0		# default
UnitsXYZFiles = 1		# default
DisableAccel = 1		# default
FFTOptimize = 1		# default
FFTPreparePlan = 0		# default
FFTLibrary = 1		# default
PNFFTCutoff = 6		# default
PNFFTOversampling = 2		# default
Dimensions = 3		# default
PeriodicDimensions = 3
Dimensions = 3		# default
PeriodicDimensions = 3
AllElectronType = 0		# default
AllElectronSigma = 0.6		# default
AllElectronANCParam = 4		# default
PseudopotentialSet = 1		# default
Opened block 'ReducedCoordinates'
ReducedCoordinates[0][0] = "Si"
ReducedCoordinates[0][1] = 0
ReducedCoordinates[0][2] = 0
ReducedCoordinates[0][3] = 0
ReducedCoordinates[1][0] = "Si"
ReducedCoordinates[1][1] = 0.25
ReducedCoordinates[1][2] = 0.25
ReducedCoordinates[1][3] = 0.25
Closed block 'ReducedCoordinates'
Opened block 'LatticeParameters'
LatticeParameters[0][0] = 10.18
LatticeParameters[0][1] = 10.18
LatticeParameters[0][2] = 10.18
Closed block 'LatticeParameters'
Opened block 'LatticeVectors'
LatticeVectors[0][0] = 0
LatticeVectors[0][1] = 0.5
LatticeVectors[0][2] = 0.5
LatticeVectors[1][0] = 0.5
LatticeVectors[1][1] = 0
LatticeVectors[1][2] = 0.5
LatticeVectors[2][0] = 0.5
LatticeVectors[2][1] = 0.5
LatticeVectors[2][2] = 0
Closed block 'LatticeVectors'
SpinComponents = 1		# default
SpeciesProjectorSphereThreshold = 0.001		# default
SpeciesTimeDependent = 0		# default
SymmetriesCompute = 1		# default
SymmetriesTolerance = 1e-05		# default
EwaldAlpha = 0.21		# default
ForceTotalEnforce = 0		# default
BoxShape = 4		# default
Spacing = 0.5
CurvMethod = 1		# default
DerivativesStencil = 5		# default
DerivativesOrder = 4		# default
MeshIndexType = 1		# default
MeshOrder = 1		# default
MeshBlockDirection = 1		# default
MeshOrder = 1		# default
MeshBlockDirection = 1		# default
KPointsUseSymmetries = 0
KPointsUseTimeReversal = 0		# default
Opened block 'KPointsPath'
KPointsPath[0][0] = 10
KPointsPath[0][1] = 10
KPointsPath[0][2] = 15
KPointsPath[1][0] = 0.5
KPointsPath[1][1] = 0
KPointsPath[1][2] = 0
KPointsPath[2][0] = 0
KPointsPath[2][1] = 0
KPointsPath[2][2] = 0
KPointsPath[3][0] = 0
KPointsPath[3][1] = 0.5
KPointsPath[3][2] = 0.5
KPointsPath[4][0] = 1
KPointsPath[4][1] = 1
KPointsPath[4][2] = 1
Closed block 'KPointsPath'
SpinComponents = 1		# default
ExcessCharge = 0		# default
TotalStates = 0		# default
ExtraStates = 10
ExtraStatesInPercent = 0		# default
ExtraStatesToConverge = 5
StatesBlockSize = 4		# default
OnlyUserDefinedInitialStates = 0		# default
StatesRandomization = 1		# default
RestartFixedOccupations = 1		# default
SmearingFunction = 1		# default
NParticleModelmb = 0		# default
SymmetrizeDensity = 0		# default
ForceComplex = 0		# default
ELFWithCurrentTerm = 1		# default
CurrentDensity = 2		# default
ReorderRanks = 0		# default
ParDomains = -1		# default
ParStates = 0		# default
ParKPoints = -1		# default
ParOther = 0		# default
OperateDouble = 1		# default
OperateComplex = 1		# default
NLOperatorCompactBoundaries = 0		# default
SpiralBoundaryCondition = 0		# default
OutputFormat = 0		# default
OutputInterval = 50		# default
OutputDuringSCF = 0		# default
RestartWriteInterval = 50		# default
OutputIterDir = "output_iter"		# default
StatesPack = 1		# default
StatesOrthogonalization = 1		# default
StatesCLDeviceMemory = -512		# default
XCFunctional = 10001		# default
XCKernel = 10001		# default
EnablePhotons = 0		# default
XCKernelLRCAlpha = 0		# default
XCDensityCorrection = 0		# default
ParallelXC = 1		# default
TheoryLevel = 4		# default
SICCorrection = 1		# default
CurrentDensity = 2		# default
VDWCorrection = 0		# default
Dimensions = 3		# default
PeriodicDimensions = 3
GaugeFieldDynamics = 1		# default
GaugeFieldPropagate = 0		# default
GaugeFieldDelay = 0		# default
ParticleMass = 1		# default
RashbaSpinOrbitCoupling = 0		# default
DressedOrbitals = 0		# default
PoissonSolver = 0		# default
FFTLibrary = 1		# default
PoissonFFTKernel = 3		# default
DoubleFFTParameter = 2		# default
FilterPotentials = 2		# default
GyromagneticRatio = 2.00232		# default
RelativisticCorrection = 0		# default
TDDeltaKickTime = 0		# default
TDDeltaStrength = 0		# default
CalculateSelfInducedMagneticField = 0		# default
AbsorbingBoundaries = 0		# default
DFTULevel = 0		# default
HamiltonianApplyPacked = 1		# default
TimeZero = 0		# default
Dimensions = 3		# default
PeriodicDimensions = 3
PCMCalculation = 0		# default
MagneticConstrain = 0		# default
MaxwellCouplingMode = 0		# default
MaxwellDipoleField = 0		# default
FromScratch = 0		# default
MaximumIter = 50		# default
UnoccShowOccStates = 0		# default
Eigensolver = 5		# default
CGOrthogonalizeAll = 0		# default
CGDirection = 1		# default
CGAdditionalTerms = 0		# default
CGEnergyChangeThreshold = 0.1		# default
EigensolverTolerance = 1e-07		# default
EigensolverMaxIter = 25		# default
Preconditioner = 1		# default
PreconditionerFilterFactor = 0.6		# default
SubspaceDiagonalization = 1		# default
UnoccUseTD = 0		# default
LCAOStart = 2		# default
LCAOAlternative = 0		# default
LCAOComplexYlms = 0		# default
LCAOSaveMemory = 0		# default
LCAOScaleFactor = 1		# default
LCAOMaximumOrbitalRadius = 20		# default
LCAODimension = 0		# default
BandStructureComputeProjections = 0		# default
# Octopus parser ended
